[2018-09-15T11:19:27,530][INFO ][o.e.n.Node               ] [] initializing ...
[2018-09-15T11:19:27,744][INFO ][o.e.e.NodeEnvironment    ] [7yTPV8M] using [1] data paths, mounts [[/ (/dev/sda1)]], net usable_space [255.9gb], net total_space [450.5gb], spins? [possibly], types [ext4]
[2018-09-15T11:19:27,745][INFO ][o.e.e.NodeEnvironment    ] [7yTPV8M] heap size [1.9gb], compressed ordinary object pointers [true]
[2018-09-15T11:19:27,747][INFO ][o.e.n.Node               ] node name [7yTPV8M] derived from node ID [7yTPV8MyTweWcp2hrDVVwA]; set [node.name] to override
[2018-09-15T11:19:27,748][INFO ][o.e.n.Node               ] version[5.6.0], pid[4235], build[781a835/2017-09-07T03:09:58.087Z], OS[Linux/4.15.0-33-generic/amd64], JVM[Oracle Corporation/OpenJDK 64-Bit Server VM/1.8.0_181/25.181-b13]
[2018-09-15T11:19:27,748][INFO ][o.e.n.Node               ] JVM arguments [-Xms2g, -Xmx2g, -XX:+UseConcMarkSweepGC, -XX:CMSInitiatingOccupancyFraction=75, -XX:+UseCMSInitiatingOccupancyOnly, -XX:+AlwaysPreTouch, -Xss1m, -Djava.awt.headless=true, -Dfile.encoding=UTF-8, -Djna.nosys=true, -Djdk.io.permissionsUseCanonicalPath=true, -Dio.netty.noUnsafe=true, -Dio.netty.noKeySetOptimization=true, -Dio.netty.recycler.maxCapacityPerThread=0, -Dlog4j.shutdownHookEnabled=false, -Dlog4j2.disable.jmx=true, -Dlog4j.skipJansi=true, -XX:+HeapDumpOnOutOfMemoryError, -Des.path.home=/home/exotel/lspeMeetup/elasticsearch]
[2018-09-15T11:19:29,284][INFO ][o.e.p.PluginsService     ] [7yTPV8M] loaded module [aggs-matrix-stats]
[2018-09-15T11:19:29,285][INFO ][o.e.p.PluginsService     ] [7yTPV8M] loaded module [ingest-common]
[2018-09-15T11:19:29,285][INFO ][o.e.p.PluginsService     ] [7yTPV8M] loaded module [lang-expression]
[2018-09-15T11:19:29,285][INFO ][o.e.p.PluginsService     ] [7yTPV8M] loaded module [lang-groovy]
[2018-09-15T11:19:29,285][INFO ][o.e.p.PluginsService     ] [7yTPV8M] loaded module [lang-mustache]
[2018-09-15T11:19:29,286][INFO ][o.e.p.PluginsService     ] [7yTPV8M] loaded module [lang-painless]
[2018-09-15T11:19:29,286][INFO ][o.e.p.PluginsService     ] [7yTPV8M] loaded module [parent-join]
[2018-09-15T11:19:29,286][INFO ][o.e.p.PluginsService     ] [7yTPV8M] loaded module [percolator]
[2018-09-15T11:19:29,286][INFO ][o.e.p.PluginsService     ] [7yTPV8M] loaded module [reindex]
[2018-09-15T11:19:29,287][INFO ][o.e.p.PluginsService     ] [7yTPV8M] loaded module [transport-netty3]
[2018-09-15T11:19:29,287][INFO ][o.e.p.PluginsService     ] [7yTPV8M] loaded module [transport-netty4]
[2018-09-15T11:19:29,288][INFO ][o.e.p.PluginsService     ] [7yTPV8M] no plugins loaded
[2018-09-15T11:19:31,926][INFO ][o.e.d.DiscoveryModule    ] [7yTPV8M] using discovery type [zen]
[2018-09-15T11:19:33,012][INFO ][o.e.n.Node               ] initialized
[2018-09-15T11:19:33,013][INFO ][o.e.n.Node               ] [7yTPV8M] starting ...
[2018-09-15T11:19:33,299][INFO ][o.e.t.TransportService   ] [7yTPV8M] publish_address {127.0.0.1:9300}, bound_addresses {[::1]:9300}, {127.0.0.1:9300}
[2018-09-15T11:19:33,322][WARN ][o.e.b.BootstrapChecks    ] [7yTPV8M] max virtual memory areas vm.max_map_count [65530] is too low, increase to at least [262144]
[2018-09-15T11:19:36,411][INFO ][o.e.c.s.ClusterService   ] [7yTPV8M] new_master {7yTPV8M}{7yTPV8MyTweWcp2hrDVVwA}{-72xqHRvRpC6__JNFSkpZQ}{127.0.0.1}{127.0.0.1:9300}, reason: zen-disco-elected-as-master ([0] nodes joined)
[2018-09-15T11:19:36,440][INFO ][o.e.h.n.Netty4HttpServerTransport] [7yTPV8M] publish_address {127.0.0.1:9200}, bound_addresses {[::1]:9200}, {127.0.0.1:9200}
[2018-09-15T11:19:36,441][INFO ][o.e.n.Node               ] [7yTPV8M] started
[2018-09-15T11:19:36,517][INFO ][o.e.g.GatewayService     ] [7yTPV8M] recovered [0] indices into cluster_state
[2018-09-15T11:19:59,733][INFO ][o.e.n.Node               ] [7yTPV8M] stopping ...
[2018-09-15T11:19:59,768][INFO ][o.e.n.Node               ] [7yTPV8M] stopped
[2018-09-15T11:19:59,768][INFO ][o.e.n.Node               ] [7yTPV8M] closing ...
[2018-09-15T11:19:59,784][INFO ][o.e.n.Node               ] [7yTPV8M] closed
[2018-09-15T14:40:54,917][INFO ][o.e.n.Node               ] [] initializing ...
[2018-09-15T14:40:55,166][INFO ][o.e.e.NodeEnvironment    ] [7yTPV8M] using [1] data paths, mounts [[/ (/dev/sda1)]], net usable_space [255.6gb], net total_space [450.5gb], spins? [possibly], types [ext4]
[2018-09-15T14:40:55,167][INFO ][o.e.e.NodeEnvironment    ] [7yTPV8M] heap size [1.9gb], compressed ordinary object pointers [true]
[2018-09-15T14:40:55,169][INFO ][o.e.n.Node               ] node name [7yTPV8M] derived from node ID [7yTPV8MyTweWcp2hrDVVwA]; set [node.name] to override
[2018-09-15T14:40:55,170][INFO ][o.e.n.Node               ] version[5.6.0], pid[7148], build[781a835/2017-09-07T03:09:58.087Z], OS[Linux/4.15.0-33-generic/amd64], JVM[Oracle Corporation/OpenJDK 64-Bit Server VM/1.8.0_181/25.181-b13]
[2018-09-15T14:40:55,170][INFO ][o.e.n.Node               ] JVM arguments [-Xms2g, -Xmx2g, -XX:+UseConcMarkSweepGC, -XX:CMSInitiatingOccupancyFraction=75, -XX:+UseCMSInitiatingOccupancyOnly, -XX:+AlwaysPreTouch, -Xss1m, -Djava.awt.headless=true, -Dfile.encoding=UTF-8, -Djna.nosys=true, -Djdk.io.permissionsUseCanonicalPath=true, -Dio.netty.noUnsafe=true, -Dio.netty.noKeySetOptimization=true, -Dio.netty.recycler.maxCapacityPerThread=0, -Dlog4j.shutdownHookEnabled=false, -Dlog4j2.disable.jmx=true, -Dlog4j.skipJansi=true, -XX:+HeapDumpOnOutOfMemoryError, -Des.path.home=/home/exotel/lspeMeetup/elk_workshop/elasticsearch]
[2018-09-15T14:40:56,976][INFO ][o.e.p.PluginsService     ] [7yTPV8M] loaded module [aggs-matrix-stats]
[2018-09-15T14:40:56,976][INFO ][o.e.p.PluginsService     ] [7yTPV8M] loaded module [ingest-common]
[2018-09-15T14:40:56,976][INFO ][o.e.p.PluginsService     ] [7yTPV8M] loaded module [lang-expression]
[2018-09-15T14:40:56,977][INFO ][o.e.p.PluginsService     ] [7yTPV8M] loaded module [lang-groovy]
[2018-09-15T14:40:56,977][INFO ][o.e.p.PluginsService     ] [7yTPV8M] loaded module [lang-mustache]
[2018-09-15T14:40:56,977][INFO ][o.e.p.PluginsService     ] [7yTPV8M] loaded module [lang-painless]
[2018-09-15T14:40:56,977][INFO ][o.e.p.PluginsService     ] [7yTPV8M] loaded module [parent-join]
[2018-09-15T14:40:56,977][INFO ][o.e.p.PluginsService     ] [7yTPV8M] loaded module [percolator]
[2018-09-15T14:40:56,978][INFO ][o.e.p.PluginsService     ] [7yTPV8M] loaded module [reindex]
[2018-09-15T14:40:56,978][INFO ][o.e.p.PluginsService     ] [7yTPV8M] loaded module [transport-netty3]
[2018-09-15T14:40:56,978][INFO ][o.e.p.PluginsService     ] [7yTPV8M] loaded module [transport-netty4]
[2018-09-15T14:40:56,979][INFO ][o.e.p.PluginsService     ] [7yTPV8M] no plugins loaded
[2018-09-15T14:41:00,174][INFO ][o.e.d.DiscoveryModule    ] [7yTPV8M] using discovery type [zen]
[2018-09-15T14:41:01,476][INFO ][o.e.n.Node               ] initialized
[2018-09-15T14:41:01,476][INFO ][o.e.n.Node               ] [7yTPV8M] starting ...
[2018-09-15T14:41:01,752][INFO ][o.e.t.TransportService   ] [7yTPV8M] publish_address {127.0.0.1:9300}, bound_addresses {[::1]:9300}, {127.0.0.1:9300}
[2018-09-15T14:41:01,777][WARN ][o.e.b.BootstrapChecks    ] [7yTPV8M] max virtual memory areas vm.max_map_count [65530] is too low, increase to at least [262144]
[2018-09-15T14:41:04,965][INFO ][o.e.c.s.ClusterService   ] [7yTPV8M] new_master {7yTPV8M}{7yTPV8MyTweWcp2hrDVVwA}{G3r_qNvbS_6LEX8m0HC37g}{127.0.0.1}{127.0.0.1:9300}, reason: zen-disco-elected-as-master ([0] nodes joined)
[2018-09-15T14:41:04,999][INFO ][o.e.h.n.Netty4HttpServerTransport] [7yTPV8M] publish_address {127.0.0.1:9200}, bound_addresses {[::1]:9200}, {127.0.0.1:9200}
[2018-09-15T14:41:05,000][INFO ][o.e.n.Node               ] [7yTPV8M] started
[2018-09-15T14:41:05,050][INFO ][o.e.g.GatewayService     ] [7yTPV8M] recovered [0] indices into cluster_state
[2018-09-15T14:41:29,135][INFO ][o.e.c.m.MetaDataCreateIndexService] [7yTPV8M] [.kibana] creating index, cause [api], templates [], shards [1]/[1], mappings [_default_, index-pattern, server, visualization, search, timelion-sheet, config, dashboard, url]
[2018-09-15T14:58:20,647][INFO ][o.e.c.m.MetaDataCreateIndexService] [7yTPV8M] [bank] creating index, cause [auto(bulk api)], templates [], shards [5]/[1], mappings []
[2018-09-15T14:58:21,682][INFO ][o.e.c.m.MetaDataMappingService] [7yTPV8M] [bank/CSxhSmRYSwuGexzmNfXGEQ] create_mapping [account]
[2018-09-15T14:58:23,786][INFO ][o.e.c.m.MetaDataCreateIndexService] [7yTPV8M] [shakespeare] creating index, cause [auto(bulk api)], templates [], shards [5]/[1], mappings []
[2018-09-15T14:58:24,957][INFO ][o.e.c.m.MetaDataMappingService] [7yTPV8M] [shakespeare/Xa-HTTPHR2yFWQPYwyDKvQ] create_mapping [doc]
[2018-09-15T14:58:25,123][DEBUG][o.e.a.a.i.m.p.TransportPutMappingAction] [7yTPV8M] failed to put mappings on indices [[[shakespeare/Xa-HTTPHR2yFWQPYwyDKvQ]]], type [doc]
java.lang.IllegalArgumentException: mapper [speech_number] of different type, current_type [text], merged_type [long]
	at org.elasticsearch.index.mapper.FieldMapper.doMerge(FieldMapper.java:347) ~[elasticsearch-5.6.0.jar:5.6.0]
	at org.elasticsearch.index.mapper.TextFieldMapper.doMerge(TextFieldMapper.java:404) ~[elasticsearch-5.6.0.jar:5.6.0]
	at org.elasticsearch.index.mapper.FieldMapper.merge(FieldMapper.java:333) ~[elasticsearch-5.6.0.jar:5.6.0]
	at org.elasticsearch.index.mapper.FieldMapper.merge(FieldMapper.java:49) ~[elasticsearch-5.6.0.jar:5.6.0]
	at org.elasticsearch.index.mapper.ObjectMapper.doMerge(ObjectMapper.java:447) ~[elasticsearch-5.6.0.jar:5.6.0]
	at org.elasticsearch.index.mapper.RootObjectMapper.doMerge(RootObjectMapper.java:248) ~[elasticsearch-5.6.0.jar:5.6.0]
	at org.elasticsearch.index.mapper.ObjectMapper.merge(ObjectMapper.java:419) ~[elasticsearch-5.6.0.jar:5.6.0]
	at org.elasticsearch.index.mapper.RootObjectMapper.merge(RootObjectMapper.java:243) ~[elasticsearch-5.6.0.jar:5.6.0]
	at org.elasticsearch.index.mapper.Mapping.merge(Mapping.java:88) ~[elasticsearch-5.6.0.jar:5.6.0]
	at org.elasticsearch.index.mapper.DocumentMapper.merge(DocumentMapper.java:335) ~[elasticsearch-5.6.0.jar:5.6.0]
	at org.elasticsearch.cluster.metadata.MetaDataMappingService$PutMappingExecutor.applyRequest(MetaDataMappingService.java:267) ~[elasticsearch-5.6.0.jar:5.6.0]
	at org.elasticsearch.cluster.metadata.MetaDataMappingService$PutMappingExecutor.execute(MetaDataMappingService.java:230) ~[elasticsearch-5.6.0.jar:5.6.0]
	at org.elasticsearch.cluster.service.ClusterService.executeTasks(ClusterService.java:634) ~[elasticsearch-5.6.0.jar:5.6.0]
	at org.elasticsearch.cluster.service.ClusterService.calculateTaskOutputs(ClusterService.java:612) ~[elasticsearch-5.6.0.jar:5.6.0]
	at org.elasticsearch.cluster.service.ClusterService.runTasks(ClusterService.java:571) [elasticsearch-5.6.0.jar:5.6.0]
	at org.elasticsearch.cluster.service.ClusterService$ClusterServiceTaskBatcher.run(ClusterService.java:263) [elasticsearch-5.6.0.jar:5.6.0]
	at org.elasticsearch.cluster.service.TaskBatcher.runIfNotProcessed(TaskBatcher.java:150) [elasticsearch-5.6.0.jar:5.6.0]
	at org.elasticsearch.cluster.service.TaskBatcher$BatchedTask.run(TaskBatcher.java:188) [elasticsearch-5.6.0.jar:5.6.0]
	at org.elasticsearch.common.util.concurrent.ThreadContext$ContextPreservingRunnable.run(ThreadContext.java:569) [elasticsearch-5.6.0.jar:5.6.0]
	at org.elasticsearch.common.util.concurrent.PrioritizedEsThreadPoolExecutor$TieBreakingPrioritizedRunnable.runAndClean(PrioritizedEsThreadPoolExecutor.java:247) [elasticsearch-5.6.0.jar:5.6.0]
	at org.elasticsearch.common.util.concurrent.PrioritizedEsThreadPoolExecutor$TieBreakingPrioritizedRunnable.run(PrioritizedEsThreadPoolExecutor.java:210) [elasticsearch-5.6.0.jar:5.6.0]
	at java.util.concurrent.ThreadPoolExecutor.runWorker(ThreadPoolExecutor.java:1149) [?:1.8.0_181]
	at java.util.concurrent.ThreadPoolExecutor$Worker.run(ThreadPoolExecutor.java:624) [?:1.8.0_181]
	at java.lang.Thread.run(Thread.java:748) [?:1.8.0_181]
[2018-09-15T14:58:25,144][DEBUG][o.e.a.a.i.m.p.TransportPutMappingAction] [7yTPV8M] failed to put mappings on indices [[[shakespeare/Xa-HTTPHR2yFWQPYwyDKvQ]]], type [doc]
java.lang.IllegalArgumentException: mapper [speech_number] of different type, current_type [text], merged_type [long]
	at org.elasticsearch.index.mapper.FieldMapper.doMerge(FieldMapper.java:347) ~[elasticsearch-5.6.0.jar:5.6.0]
	at org.elasticsearch.index.mapper.TextFieldMapper.doMerge(TextFieldMapper.java:404) ~[elasticsearch-5.6.0.jar:5.6.0]
	at org.elasticsearch.index.mapper.FieldMapper.merge(FieldMapper.java:333) ~[elasticsearch-5.6.0.jar:5.6.0]
	at org.elasticsearch.index.mapper.FieldMapper.merge(FieldMapper.java:49) ~[elasticsearch-5.6.0.jar:5.6.0]
	at org.elasticsearch.index.mapper.ObjectMapper.doMerge(ObjectMapper.java:447) ~[elasticsearch-5.6.0.jar:5.6.0]
	at org.elasticsearch.index.mapper.RootObjectMapper.doMerge(RootObjectMapper.java:248) ~[elasticsearch-5.6.0.jar:5.6.0]
	at org.elasticsearch.index.mapper.ObjectMapper.merge(ObjectMapper.java:419) ~[elasticsearch-5.6.0.jar:5.6.0]
	at org.elasticsearch.index.mapper.RootObjectMapper.merge(RootObjectMapper.java:243) ~[elasticsearch-5.6.0.jar:5.6.0]
	at org.elasticsearch.index.mapper.Mapping.merge(Mapping.java:88) ~[elasticsearch-5.6.0.jar:5.6.0]
	at org.elasticsearch.index.mapper.DocumentMapper.merge(DocumentMapper.java:335) ~[elasticsearch-5.6.0.jar:5.6.0]
	at org.elasticsearch.cluster.metadata.MetaDataMappingService$PutMappingExecutor.applyRequest(MetaDataMappingService.java:267) ~[elasticsearch-5.6.0.jar:5.6.0]
	at org.elasticsearch.cluster.metadata.MetaDataMappingService$PutMappingExecutor.execute(MetaDataMappingService.java:230) ~[elasticsearch-5.6.0.jar:5.6.0]
	at org.elasticsearch.cluster.service.ClusterService.executeTasks(ClusterService.java:634) ~[elasticsearch-5.6.0.jar:5.6.0]
	at org.elasticsearch.cluster.service.ClusterService.calculateTaskOutputs(ClusterService.java:612) ~[elasticsearch-5.6.0.jar:5.6.0]
	at org.elasticsearch.cluster.service.ClusterService.runTasks(ClusterService.java:571) [elasticsearch-5.6.0.jar:5.6.0]
	at org.elasticsearch.cluster.service.ClusterService$ClusterServiceTaskBatcher.run(ClusterService.java:263) [elasticsearch-5.6.0.jar:5.6.0]
	at org.elasticsearch.cluster.service.TaskBatcher.runIfNotProcessed(TaskBatcher.java:150) [elasticsearch-5.6.0.jar:5.6.0]
	at org.elasticsearch.cluster.service.TaskBatcher$BatchedTask.run(TaskBatcher.java:188) [elasticsearch-5.6.0.jar:5.6.0]
	at org.elasticsearch.common.util.concurrent.ThreadContext$ContextPreservingRunnable.run(ThreadContext.java:569) [elasticsearch-5.6.0.jar:5.6.0]
	at org.elasticsearch.common.util.concurrent.PrioritizedEsThreadPoolExecutor$TieBreakingPrioritizedRunnable.runAndClean(PrioritizedEsThreadPoolExecutor.java:247) [elasticsearch-5.6.0.jar:5.6.0]
	at org.elasticsearch.common.util.concurrent.PrioritizedEsThreadPoolExecutor$TieBreakingPrioritizedRunnable.run(PrioritizedEsThreadPoolExecutor.java:210) [elasticsearch-5.6.0.jar:5.6.0]
	at java.util.concurrent.ThreadPoolExecutor.runWorker(ThreadPoolExecutor.java:1149) [?:1.8.0_181]
	at java.util.concurrent.ThreadPoolExecutor$Worker.run(ThreadPoolExecutor.java:624) [?:1.8.0_181]
	at java.lang.Thread.run(Thread.java:748) [?:1.8.0_181]
[2018-09-15T14:58:25,145][DEBUG][o.e.a.b.TransportShardBulkAction] [7yTPV8M] [shakespeare][4] failed to execute bulk item (index) BulkShardRequest [[shakespeare][4]] containing [22430] requests
java.lang.IllegalArgumentException: mapper [speech_number] of different type, current_type [text], merged_type [long]
	at org.elasticsearch.index.mapper.FieldMapper.doMerge(FieldMapper.java:347) ~[elasticsearch-5.6.0.jar:5.6.0]
	at org.elasticsearch.index.mapper.TextFieldMapper.doMerge(TextFieldMapper.java:404) ~[elasticsearch-5.6.0.jar:5.6.0]
	at org.elasticsearch.index.mapper.FieldMapper.merge(FieldMapper.java:333) ~[elasticsearch-5.6.0.jar:5.6.0]
	at org.elasticsearch.index.mapper.FieldMapper.merge(FieldMapper.java:49) ~[elasticsearch-5.6.0.jar:5.6.0]
	at org.elasticsearch.index.mapper.ObjectMapper.doMerge(ObjectMapper.java:447) ~[elasticsearch-5.6.0.jar:5.6.0]
	at org.elasticsearch.index.mapper.RootObjectMapper.doMerge(RootObjectMapper.java:248) ~[elasticsearch-5.6.0.jar:5.6.0]
	at org.elasticsearch.index.mapper.ObjectMapper.merge(ObjectMapper.java:419) ~[elasticsearch-5.6.0.jar:5.6.0]
	at org.elasticsearch.index.mapper.RootObjectMapper.merge(RootObjectMapper.java:243) ~[elasticsearch-5.6.0.jar:5.6.0]
	at org.elasticsearch.index.mapper.Mapping.merge(Mapping.java:88) ~[elasticsearch-5.6.0.jar:5.6.0]
	at org.elasticsearch.index.mapper.DocumentMapper.merge(DocumentMapper.java:335) ~[elasticsearch-5.6.0.jar:5.6.0]
	at org.elasticsearch.cluster.metadata.MetaDataMappingService$PutMappingExecutor.applyRequest(MetaDataMappingService.java:267) ~[elasticsearch-5.6.0.jar:5.6.0]
	at org.elasticsearch.cluster.metadata.MetaDataMappingService$PutMappingExecutor.execute(MetaDataMappingService.java:230) ~[elasticsearch-5.6.0.jar:5.6.0]
	at org.elasticsearch.cluster.service.ClusterService.executeTasks(ClusterService.java:634) ~[elasticsearch-5.6.0.jar:5.6.0]
	at org.elasticsearch.cluster.service.ClusterService.calculateTaskOutputs(ClusterService.java:612) ~[elasticsearch-5.6.0.jar:5.6.0]
	at org.elasticsearch.cluster.service.ClusterService.runTasks(ClusterService.java:571) ~[elasticsearch-5.6.0.jar:5.6.0]
	at org.elasticsearch.cluster.service.ClusterService$ClusterServiceTaskBatcher.run(ClusterService.java:263) ~[elasticsearch-5.6.0.jar:5.6.0]
	at org.elasticsearch.cluster.service.TaskBatcher.runIfNotProcessed(TaskBatcher.java:150) ~[elasticsearch-5.6.0.jar:5.6.0]
	at org.elasticsearch.cluster.service.TaskBatcher$BatchedTask.run(TaskBatcher.java:188) ~[elasticsearch-5.6.0.jar:5.6.0]
	at org.elasticsearch.common.util.concurrent.ThreadContext$ContextPreservingRunnable.run(ThreadContext.java:569) ~[elasticsearch-5.6.0.jar:5.6.0]
	at org.elasticsearch.common.util.concurrent.PrioritizedEsThreadPoolExecutor$TieBreakingPrioritizedRunnable.runAndClean(PrioritizedEsThreadPoolExecutor.java:247) ~[elasticsearch-5.6.0.jar:5.6.0]
	at org.elasticsearch.common.util.concurrent.PrioritizedEsThreadPoolExecutor$TieBreakingPrioritizedRunnable.run(PrioritizedEsThreadPoolExecutor.java:210) ~[elasticsearch-5.6.0.jar:5.6.0]
	at java.util.concurrent.ThreadPoolExecutor.runWorker(ThreadPoolExecutor.java:1149) [?:1.8.0_181]
	at java.util.concurrent.ThreadPoolExecutor$Worker.run(ThreadPoolExecutor.java:624) [?:1.8.0_181]
	at java.lang.Thread.run(Thread.java:748) [?:1.8.0_181]
[2018-09-15T14:58:25,154][DEBUG][o.e.a.b.TransportShardBulkAction] [7yTPV8M] [shakespeare][1] failed to execute bulk item (index) BulkShardRequest [[shakespeare][1]] containing [22454] requests
java.lang.IllegalArgumentException: mapper [speech_number] of different type, current_type [text], merged_type [long]
	at org.elasticsearch.index.mapper.FieldMapper.doMerge(FieldMapper.java:347) ~[elasticsearch-5.6.0.jar:5.6.0]
	at org.elasticsearch.index.mapper.TextFieldMapper.doMerge(TextFieldMapper.java:404) ~[elasticsearch-5.6.0.jar:5.6.0]
	at org.elasticsearch.index.mapper.FieldMapper.merge(FieldMapper.java:333) ~[elasticsearch-5.6.0.jar:5.6.0]
	at org.elasticsearch.index.mapper.FieldMapper.merge(FieldMapper.java:49) ~[elasticsearch-5.6.0.jar:5.6.0]
	at org.elasticsearch.index.mapper.ObjectMapper.doMerge(ObjectMapper.java:447) ~[elasticsearch-5.6.0.jar:5.6.0]
	at org.elasticsearch.index.mapper.RootObjectMapper.doMerge(RootObjectMapper.java:248) ~[elasticsearch-5.6.0.jar:5.6.0]
	at org.elasticsearch.index.mapper.ObjectMapper.merge(ObjectMapper.java:419) ~[elasticsearch-5.6.0.jar:5.6.0]
	at org.elasticsearch.index.mapper.RootObjectMapper.merge(RootObjectMapper.java:243) ~[elasticsearch-5.6.0.jar:5.6.0]
	at org.elasticsearch.index.mapper.Mapping.merge(Mapping.java:88) ~[elasticsearch-5.6.0.jar:5.6.0]
	at org.elasticsearch.index.mapper.DocumentMapper.merge(DocumentMapper.java:335) ~[elasticsearch-5.6.0.jar:5.6.0]
	at org.elasticsearch.cluster.metadata.MetaDataMappingService$PutMappingExecutor.applyRequest(MetaDataMappingService.java:267) ~[elasticsearch-5.6.0.jar:5.6.0]
	at org.elasticsearch.cluster.metadata.MetaDataMappingService$PutMappingExecutor.execute(MetaDataMappingService.java:230) ~[elasticsearch-5.6.0.jar:5.6.0]
	at org.elasticsearch.cluster.service.ClusterService.executeTasks(ClusterService.java:634) ~[elasticsearch-5.6.0.jar:5.6.0]
	at org.elasticsearch.cluster.service.ClusterService.calculateTaskOutputs(ClusterService.java:612) ~[elasticsearch-5.6.0.jar:5.6.0]
	at org.elasticsearch.cluster.service.ClusterService.runTasks(ClusterService.java:571) ~[elasticsearch-5.6.0.jar:5.6.0]
	at org.elasticsearch.cluster.service.ClusterService$ClusterServiceTaskBatcher.run(ClusterService.java:263) ~[elasticsearch-5.6.0.jar:5.6.0]
	at org.elasticsearch.cluster.service.TaskBatcher.runIfNotProcessed(TaskBatcher.java:150) ~[elasticsearch-5.6.0.jar:5.6.0]
	at org.elasticsearch.cluster.service.TaskBatcher$BatchedTask.run(TaskBatcher.java:188) ~[elasticsearch-5.6.0.jar:5.6.0]
	at org.elasticsearch.common.util.concurrent.ThreadContext$ContextPreservingRunnable.run(ThreadContext.java:569) ~[elasticsearch-5.6.0.jar:5.6.0]
	at org.elasticsearch.common.util.concurrent.PrioritizedEsThreadPoolExecutor$TieBreakingPrioritizedRunnable.runAndClean(PrioritizedEsThreadPoolExecutor.java:247) ~[elasticsearch-5.6.0.jar:5.6.0]
	at org.elasticsearch.common.util.concurrent.PrioritizedEsThreadPoolExecutor$TieBreakingPrioritizedRunnable.run(PrioritizedEsThreadPoolExecutor.java:210) ~[elasticsearch-5.6.0.jar:5.6.0]
	at java.util.concurrent.ThreadPoolExecutor.runWorker(ThreadPoolExecutor.java:1149) [?:1.8.0_181]
	at java.util.concurrent.ThreadPoolExecutor$Worker.run(ThreadPoolExecutor.java:624) [?:1.8.0_181]
	at java.lang.Thread.run(Thread.java:748) [?:1.8.0_181]
[2018-09-15T14:58:48,261][INFO ][o.e.c.m.MetaDataCreateIndexService] [7yTPV8M] [logstash-2015.05.20] creating index, cause [auto(bulk api)], templates [], shards [5]/[1], mappings []
[2018-09-15T14:58:48,787][INFO ][o.e.c.m.MetaDataCreateIndexService] [7yTPV8M] [logstash-2015.05.18] creating index, cause [auto(bulk api)], templates [], shards [5]/[1], mappings []
[2018-09-15T14:58:48,914][INFO ][o.e.c.m.MetaDataCreateIndexService] [7yTPV8M] [logstash-2015.05.19] creating index, cause [auto(bulk api)], templates [], shards [5]/[1], mappings []
[2018-09-15T14:58:51,165][INFO ][o.e.c.m.MetaDataMappingService] [7yTPV8M] [logstash-2015.05.18/5UJDuJzqScGR52EjAocnww] create_mapping [log]
[2018-09-15T14:58:51,288][INFO ][o.e.c.m.MetaDataMappingService] [7yTPV8M] [logstash-2015.05.18/5UJDuJzqScGR52EjAocnww] update_mapping [log]
[2018-09-15T14:58:51,306][INFO ][o.e.c.m.MetaDataMappingService] [7yTPV8M] [logstash-2015.05.18/5UJDuJzqScGR52EjAocnww] update_mapping [log]
[2018-09-15T14:58:51,514][INFO ][o.e.c.m.MetaDataMappingService] [7yTPV8M] [logstash-2015.05.18/5UJDuJzqScGR52EjAocnww] update_mapping [log]
[2018-09-15T14:58:56,564][INFO ][o.e.c.m.MetaDataMappingService] [7yTPV8M] [logstash-2015.05.20/oW28GfU8Qje5q1qPGFHejA] create_mapping [log]
[2018-09-15T14:58:56,800][INFO ][o.e.c.m.MetaDataMappingService] [7yTPV8M] [logstash-2015.05.20/oW28GfU8Qje5q1qPGFHejA] update_mapping [log]
[2018-09-15T14:58:57,003][INFO ][o.e.c.m.MetaDataMappingService] [7yTPV8M] [logstash-2015.05.20/oW28GfU8Qje5q1qPGFHejA] update_mapping [log]
[2018-09-15T14:59:01,709][INFO ][o.e.c.m.MetaDataMappingService] [7yTPV8M] [logstash-2015.05.19/PZTkc5UHTCiJMYgfb4Byhg] create_mapping [log]
[2018-09-15T14:59:01,901][INFO ][o.e.c.m.MetaDataMappingService] [7yTPV8M] [logstash-2015.05.19/PZTkc5UHTCiJMYgfb4Byhg] update_mapping [log]
[2018-09-15T14:59:02,291][INFO ][o.e.c.m.MetaDataMappingService] [7yTPV8M] [logstash-2015.05.19/PZTkc5UHTCiJMYgfb4Byhg] update_mapping [log]
[2018-09-15T15:02:09,818][INFO ][o.e.c.m.MetaDataCreateIndexService] [7yTPV8M] [linkedin] creating index, cause [api], templates [default], shards [1]/[0], mappings []
[2018-09-15T15:05:52,040][INFO ][o.e.c.m.MetaDataCreateIndexService] [7yTPV8M] [linkedin2] creating index, cause [api], templates [default], shards [1]/[0], mappings []
[2018-09-15T15:05:55,654][INFO ][o.e.c.m.MetaDataDeleteIndexService] [7yTPV8M] [linkedin2/iIHHJ5xVQrOwdVul0OUjtg] deleting index
[2018-09-15T15:08:00,246][INFO ][o.e.c.m.MetaDataDeleteIndexService] [7yTPV8M] [linkedin/gKRgeIH4Q0G5Mpr-X-xpIA] deleting index
[2018-09-15T15:08:03,421][INFO ][o.e.c.m.MetaDataCreateIndexService] [7yTPV8M] [linkedin] creating index, cause [api], templates [default], shards [1]/[0], mappings [employee]
[2018-09-15T15:38:47,480][INFO ][o.e.c.m.MetaDataMappingService] [7yTPV8M] [.kibana/NBv9GvLxRPK7uXTm5cSjmQ] update_mapping [config]
